============================================
 단건 테스트 결과 | 2026-03-30 18:17:39
 반복: 10회
============================================

  API        | 반복 |       평균 |          P95 |          P99 | 성공률
  -----------+-------+--------------+--------------+--------------+--------
  account    |    0회 |       0.00ms |       0.00ms |       0.00ms |   0.00%
  approve    |    0회 |       0.00ms |       0.00ms |       0.00ms |   0.00%
  deposit    |    0회 |       0.00ms |       0.00ms |       0.00ms |   0.00%
  send       |    0회 |       0.00ms |       0.00ms |       0.00ms |   0.00%
  receive    |    0회 |       0.00ms |       0.00ms |       0.00ms |   0.00%
  withdraw   |    0회 |       0.00ms |       0.00ms |       0.00ms |   0.00%

  [ E2E 내 API별 응답시간 ]
  account    |    0회 |       0.00ms |       0.00ms |       0.00ms
  approve    |    0회 |       0.00ms |       0.00ms |       0.00ms
  deposit    |    0회 |       0.00ms |       0.00ms |       0.00ms
  send       |    0회 |       0.00ms |       0.00ms |       0.00ms
  receive    |    0회 |       0.00ms |       0.00ms |       0.00ms
  withdraw   |    0회 |       0.00ms |       0.00ms |       0.00ms

============================================
 결과 저장: single_20260330_181739.log
============================================
