========================================
  실행 시각 : 2026-03-30 19:14:15
  대상      : e2e
  VUs       : 1
  Iterations: 1
========================================

---- [e2e] ----

         /\      Grafana   /‾‾/  
    /\  /  \     |\  __   /  /   
   /  \/    \    | |/ /  /   ‾‾\ 
  /          \   |   (  |  (‾)  |
 / __________ \  |_|\_\  \_____/ 


     execution: local
        script: loadtest.js
        output: -

     scenarios: (100.00%) 1 scenario, 1 max VUs, 10m30s max duration (incl. graceful stop):
              * default: 1 iterations shared among 1 VUs (maxDuration: 10m0s, gracefulStop: 30s)


running (00m01.0s), 1/1 VUs, 0 complete and 0 interrupted iterations
default   [   0% ] 1 VUs  00m01.0s/10m0s  0/1 shared iters
time="2026-03-30T19:14:16+09:00" level=info msg="\n[deposit] REQUEST" source=console
time="2026-03-30T19:14:16+09:00" level=info msg="  URL    : POST http://localhost:8080/rest/zktransfer/transfer/deposit" source=console
time="2026-03-30T19:14:16+09:00" level=info msg="  headers: {\"Content-Type\":\"application/json\",\"X-Lego-Client-Id\":\"ADMIN_TOKEN\",\"X-Lego-Client-Secret\":\"41b5732026d04f9eb73b06021435ebb8\"}" source=console
time="2026-03-30T19:14:16+09:00" level=info msg="  body   : {\"fromAccountId\":\"account-b0b75df9e8ac\",\"tokenAddress\":\"0xec2a2ad2839a0f6d6e8209c49244397041cac887\",\"amount\":10}" source=console
